2024-01-27 22:58:08,954 INFO org.springframework.boot.StartupInfoLogger [main] Starting DogRestApiApplication on Paula with PID 3888 (C:\Users\paula\OneDrive\Área de Trabalho\hotel_habitacion_2\hotel_habitacion_2\target\classes started by Paula in C:\Users\paula\OneDrive\Área de Trabalho\hotel_habitacion_2\hotel_habitacion_2)
2024-01-27 22:58:08,957 INFO org.springframework.boot.SpringApplication [main] No active profile set, falling back to default profiles: default
2024-01-27 22:58:09,796 INFO org.springframework.data.repository.config.RepositoryConfigurationDelegate [main] Bootstrapping Spring Data JPA repositories in DEFERRED mode.
2024-01-27 22:58:09,823 INFO org.springframework.data.repository.config.RepositoryConfigurationDelegate [main] Finished Spring Data repository scanning in 17ms. Found 0 JPA repository interfaces.
2024-01-27 22:58:10,369 INFO org.springframework.boot.web.embedded.tomcat.TomcatWebServer [main] Tomcat initialized with port(s): 5000 (http)
2024-01-27 22:58:10,382 INFO org.apache.juli.logging.DirectJDKLog [main] Initializing ProtocolHandler ["http-nio-5000"]
2024-01-27 22:58:10,383 INFO org.apache.juli.logging.DirectJDKLog [main] Starting service [Tomcat]
2024-01-27 22:58:10,383 INFO org.apache.juli.logging.DirectJDKLog [main] Starting Servlet engine: [Apache Tomcat/9.0.37]
2024-01-27 22:58:10,482 INFO org.apache.juli.logging.DirectJDKLog [main] Initializing Spring embedded WebApplicationContext
2024-01-27 22:58:10,483 INFO org.springframework.boot.web.servlet.context.ServletWebServerApplicationContext [main] Root WebApplicationContext: initialization completed in 1478 ms
2024-01-27 22:58:10,637 INFO org.springframework.scheduling.concurrent.ExecutorConfigurationSupport [main] Initializing ExecutorService 'applicationTaskExecutor'
2024-01-27 22:58:10,676 INFO org.hibernate.jpa.internal.util.LogHelper [task-1] HHH000204: Processing PersistenceUnitInfo [name: default]
2024-01-27 22:58:10,736 INFO org.hibernate.Version [task-1] HHH000412: Hibernate ORM core version 5.4.18.Final
2024-01-27 22:58:10,806 WARN org.springframework.boot.autoconfigure.orm.jpa.JpaBaseConfiguration$JpaWebConfiguration [main] spring.jpa.open-in-view is enabled by default. Therefore, database queries may be performed during view rendering. Explicitly configure spring.jpa.open-in-view to disable this warning
2024-01-27 22:58:10,924 INFO org.hibernate.annotations.common.reflection.java.JavaReflectionManager [task-1] HCANN000001: Hibernate Commons Annotations {5.1.0.Final}
2024-01-27 22:58:11,052 INFO com.zaxxer.hikari.HikariDataSource [task-1] HikariPool-1 - Starting...
2024-01-27 22:58:11,557 INFO org.apache.juli.logging.DirectJDKLog [main] Starting ProtocolHandler ["http-nio-5000"]
2024-01-27 22:58:11,584 INFO org.springframework.boot.web.embedded.tomcat.TomcatWebServer [main] Tomcat started on port(s): 5000 (http) with context path ''
2024-01-27 22:58:11,586 INFO org.springframework.data.repository.config.DeferredRepositoryInitializationListener [main] Triggering deferred initialization of Spring Data repositories…
2024-01-27 22:58:11,586 INFO org.springframework.data.repository.config.DeferredRepositoryInitializationListener [main] Spring Data repositories initialized!
2024-01-27 22:58:11,605 INFO org.springframework.boot.StartupInfoLogger [main] Started DogRestApiApplication in 3.145 seconds (JVM running for 4.106)
2024-01-27 22:58:11,615 INFO com.zaxxer.hikari.HikariDataSource [task-1] HikariPool-1 - Start completed.
2024-01-27 22:58:11,632 INFO org.hibernate.dialect.Dialect [task-1] HHH000400: Using dialect: org.hibernate.dialect.MySQL5InnoDBDialect
2024-01-27 22:58:12,295 INFO org.hibernate.engine.transaction.jta.platform.internal.JtaPlatformInitiator [task-1] HHH000490: Using JtaPlatform implementation: [org.hibernate.engine.transaction.jta.platform.internal.NoJtaPlatform]
2024-01-27 22:58:12,303 INFO org.springframework.orm.jpa.AbstractEntityManagerFactoryBean [task-1] Initialized JPA EntityManagerFactory for persistence unit 'default'
2024-01-27 22:58:20,118 INFO org.springframework.orm.jpa.AbstractEntityManagerFactoryBean [SpringContextShutdownHook] Closing JPA EntityManagerFactory for persistence unit 'default'
2024-01-27 22:58:20,120 INFO org.springframework.scheduling.concurrent.ExecutorConfigurationSupport [SpringContextShutdownHook] Shutting down ExecutorService 'applicationTaskExecutor'
2024-01-27 22:58:20,121 INFO com.zaxxer.hikari.HikariDataSource [SpringContextShutdownHook] HikariPool-1 - Shutdown initiated...
2024-01-27 22:58:20,134 INFO com.zaxxer.hikari.HikariDataSource [SpringContextShutdownHook] HikariPool-1 - Shutdown completed.
2024-01-27 22:58:27,366 INFO org.springframework.boot.StartupInfoLogger [main] Starting DogRestApiApplication on Paula with PID 7440 (C:\Users\paula\OneDrive\Área de Trabalho\hotel_habitacion_2\hotel_habitacion_2\target\classes started by Paula in C:\Users\paula\OneDrive\Área de Trabalho\hotel_habitacion_2\hotel_habitacion_2)
2024-01-27 22:58:27,369 INFO org.springframework.boot.SpringApplication [main] No active profile set, falling back to default profiles: default
2024-01-27 22:58:27,996 INFO org.springframework.data.repository.config.RepositoryConfigurationDelegate [main] Bootstrapping Spring Data JPA repositories in DEFERRED mode.
2024-01-27 22:58:28,018 INFO org.springframework.data.repository.config.RepositoryConfigurationDelegate [main] Finished Spring Data repository scanning in 15ms. Found 0 JPA repository interfaces.
2024-01-27 22:58:28,515 INFO org.springframework.boot.web.embedded.tomcat.TomcatWebServer [main] Tomcat initialized with port(s): 5000 (http)
2024-01-27 22:58:28,527 INFO org.apache.juli.logging.DirectJDKLog [main] Initializing ProtocolHandler ["http-nio-5000"]
2024-01-27 22:58:28,527 INFO org.apache.juli.logging.DirectJDKLog [main] Starting service [Tomcat]
2024-01-27 22:58:28,527 INFO org.apache.juli.logging.DirectJDKLog [main] Starting Servlet engine: [Apache Tomcat/9.0.37]
2024-01-27 22:58:28,622 INFO org.apache.juli.logging.DirectJDKLog [main] Initializing Spring embedded WebApplicationContext
2024-01-27 22:58:28,623 INFO org.springframework.boot.web.servlet.context.ServletWebServerApplicationContext [main] Root WebApplicationContext: initialization completed in 1209 ms
2024-01-27 22:58:28,794 INFO org.springframework.scheduling.concurrent.ExecutorConfigurationSupport [main] Initializing ExecutorService 'applicationTaskExecutor'
2024-01-27 22:58:28,834 INFO org.hibernate.jpa.internal.util.LogHelper [task-1] HHH000204: Processing PersistenceUnitInfo [name: default]
2024-01-27 22:58:28,878 INFO org.hibernate.Version [task-1] HHH000412: Hibernate ORM core version 5.4.18.Final
2024-01-27 22:58:28,964 WARN org.springframework.boot.autoconfigure.orm.jpa.JpaBaseConfiguration$JpaWebConfiguration [main] spring.jpa.open-in-view is enabled by default. Therefore, database queries may be performed during view rendering. Explicitly configure spring.jpa.open-in-view to disable this warning
2024-01-27 22:58:28,987 INFO org.hibernate.annotations.common.reflection.java.JavaReflectionManager [task-1] HCANN000001: Hibernate Commons Annotations {5.1.0.Final}
2024-01-27 22:58:29,106 INFO com.zaxxer.hikari.HikariDataSource [task-1] HikariPool-1 - Starting...
2024-01-27 22:58:29,616 INFO com.zaxxer.hikari.HikariDataSource [task-1] HikariPool-1 - Start completed.
2024-01-27 22:58:29,633 INFO org.hibernate.dialect.Dialect [task-1] HHH000400: Using dialect: org.hibernate.dialect.MySQL5InnoDBDialect
2024-01-27 22:58:29,816 INFO org.apache.juli.logging.DirectJDKLog [main] Starting ProtocolHandler ["http-nio-5000"]
2024-01-27 22:58:29,909 INFO org.springframework.boot.web.embedded.tomcat.TomcatWebServer [main] Tomcat started on port(s): 5000 (http) with context path ''
2024-01-27 22:58:29,914 INFO org.springframework.data.repository.config.DeferredRepositoryInitializationListener [main] Triggering deferred initialization of Spring Data repositories…
2024-01-27 22:58:29,915 INFO org.springframework.data.repository.config.DeferredRepositoryInitializationListener [main] Spring Data repositories initialized!
2024-01-27 22:58:29,928 INFO org.springframework.boot.StartupInfoLogger [main] Started DogRestApiApplication in 2.941 seconds (JVM running for 3.581)
2024-01-27 22:58:30,295 INFO org.hibernate.engine.transaction.jta.platform.internal.JtaPlatformInitiator [task-1] HHH000490: Using JtaPlatform implementation: [org.hibernate.engine.transaction.jta.platform.internal.NoJtaPlatform]
2024-01-27 22:58:30,302 INFO org.springframework.orm.jpa.AbstractEntityManagerFactoryBean [task-1] Initialized JPA EntityManagerFactory for persistence unit 'default'
2024-01-27 22:58:37,481 INFO org.apache.juli.logging.DirectJDKLog [http-nio-5000-exec-1] Initializing Spring DispatcherServlet 'dispatcherServlet'
2024-01-27 22:58:37,481 INFO org.springframework.web.servlet.FrameworkServlet [http-nio-5000-exec-1] Initializing Servlet 'dispatcherServlet'
2024-01-27 22:58:37,491 INFO org.springframework.web.servlet.FrameworkServlet [http-nio-5000-exec-1] Completed initialization in 10 ms
2024-01-27 22:58:38,420 INFO org.springdoc.api.AbstractOpenApiResource [http-nio-5000-exec-3] Init duration for springdoc-openapi is: 566 ms
2024-01-27 23:01:43,593 INFO org.springframework.orm.jpa.AbstractEntityManagerFactoryBean [SpringContextShutdownHook] Closing JPA EntityManagerFactory for persistence unit 'default'
2024-01-27 23:01:43,594 INFO org.springframework.scheduling.concurrent.ExecutorConfigurationSupport [SpringContextShutdownHook] Shutting down ExecutorService 'applicationTaskExecutor'
2024-01-27 23:01:43,596 INFO com.zaxxer.hikari.HikariDataSource [SpringContextShutdownHook] HikariPool-1 - Shutdown initiated...
2024-01-27 23:01:43,606 INFO com.zaxxer.hikari.HikariDataSource [SpringContextShutdownHook] HikariPool-1 - Shutdown completed.
2024-01-27 23:10:29,241 INFO org.springframework.boot.StartupInfoLogger [main] Starting DogRestApiApplication on Paula with PID 7308 (C:\Users\paula\OneDrive\Área de Trabalho\hotel_habitacion_2\hotel_habitacion_2\target\classes started by Paula in C:\Users\paula\OneDrive\Área de Trabalho\hotel_habitacion_2\hotel_habitacion_2)
2024-01-27 23:10:29,244 INFO org.springframework.boot.SpringApplication [main] No active profile set, falling back to default profiles: default
2024-01-27 23:10:29,897 INFO org.springframework.data.repository.config.RepositoryConfigurationDelegate [main] Bootstrapping Spring Data JPA repositories in DEFERRED mode.
2024-01-27 23:10:29,921 INFO org.springframework.data.repository.config.RepositoryConfigurationDelegate [main] Finished Spring Data repository scanning in 18ms. Found 0 JPA repository interfaces.
2024-01-27 23:10:30,425 INFO org.springframework.boot.web.embedded.tomcat.TomcatWebServer [main] Tomcat initialized with port(s): 5000 (http)
2024-01-27 23:10:30,436 INFO org.apache.juli.logging.DirectJDKLog [main] Initializing ProtocolHandler ["http-nio-5000"]
2024-01-27 23:10:30,437 INFO org.apache.juli.logging.DirectJDKLog [main] Starting service [Tomcat]
2024-01-27 23:10:30,437 INFO org.apache.juli.logging.DirectJDKLog [main] Starting Servlet engine: [Apache Tomcat/9.0.37]
2024-01-27 23:10:30,527 INFO org.apache.juli.logging.DirectJDKLog [main] Initializing Spring embedded WebApplicationContext
2024-01-27 23:10:30,528 INFO org.springframework.boot.web.servlet.context.ServletWebServerApplicationContext [main] Root WebApplicationContext: initialization completed in 1240 ms
2024-01-27 23:10:30,666 INFO org.springframework.scheduling.concurrent.ExecutorConfigurationSupport [main] Initializing ExecutorService 'applicationTaskExecutor'
2024-01-27 23:10:30,715 INFO org.hibernate.jpa.internal.util.LogHelper [task-1] HHH000204: Processing PersistenceUnitInfo [name: default]
2024-01-27 23:10:30,776 INFO org.hibernate.Version [task-1] HHH000412: Hibernate ORM core version 5.4.18.Final
2024-01-27 23:10:30,840 WARN org.springframework.boot.autoconfigure.orm.jpa.JpaBaseConfiguration$JpaWebConfiguration [main] spring.jpa.open-in-view is enabled by default. Therefore, database queries may be performed during view rendering. Explicitly configure spring.jpa.open-in-view to disable this warning
2024-01-27 23:10:30,967 INFO org.hibernate.annotations.common.reflection.java.JavaReflectionManager [task-1] HCANN000001: Hibernate Commons Annotations {5.1.0.Final}
2024-01-27 23:10:31,074 INFO com.zaxxer.hikari.HikariDataSource [task-1] HikariPool-1 - Starting...
2024-01-27 23:10:31,608 INFO org.apache.juli.logging.DirectJDKLog [main] Starting ProtocolHandler ["http-nio-5000"]
2024-01-27 23:10:31,635 INFO org.springframework.boot.web.embedded.tomcat.TomcatWebServer [main] Tomcat started on port(s): 5000 (http) with context path ''
2024-01-27 23:10:31,636 INFO com.zaxxer.hikari.HikariDataSource [task-1] HikariPool-1 - Start completed.
2024-01-27 23:10:31,637 INFO org.springframework.data.repository.config.DeferredRepositoryInitializationListener [main] Triggering deferred initialization of Spring Data repositories…
2024-01-27 23:10:31,637 INFO org.springframework.data.repository.config.DeferredRepositoryInitializationListener [main] Spring Data repositories initialized!
2024-01-27 23:10:31,650 INFO org.springframework.boot.StartupInfoLogger [main] Started DogRestApiApplication in 2.816 seconds (JVM running for 3.524)
2024-01-27 23:10:31,655 INFO org.hibernate.dialect.Dialect [task-1] HHH000400: Using dialect: org.hibernate.dialect.MySQL5InnoDBDialect
2024-01-27 23:10:32,399 INFO org.hibernate.engine.transaction.jta.platform.internal.JtaPlatformInitiator [task-1] HHH000490: Using JtaPlatform implementation: [org.hibernate.engine.transaction.jta.platform.internal.NoJtaPlatform]
2024-01-27 23:10:32,411 INFO org.springframework.orm.jpa.AbstractEntityManagerFactoryBean [task-1] Initialized JPA EntityManagerFactory for persistence unit 'default'
2024-01-27 23:10:46,753 INFO org.apache.juli.logging.DirectJDKLog [http-nio-5000-exec-1] Initializing Spring DispatcherServlet 'dispatcherServlet'
2024-01-27 23:10:46,753 INFO org.springframework.web.servlet.FrameworkServlet [http-nio-5000-exec-1] Initializing Servlet 'dispatcherServlet'
2024-01-27 23:10:46,760 INFO org.springframework.web.servlet.FrameworkServlet [http-nio-5000-exec-1] Completed initialization in 7 ms
2024-01-27 23:10:47,211 INFO org.springdoc.api.AbstractOpenApiResource [http-nio-5000-exec-3] Init duration for springdoc-openapi is: 258 ms
2024-01-27 23:13:15,638 ERROR org.apache.juli.logging.DirectJDKLog [http-nio-5000-exec-6] Servlet.service() for servlet [dispatcherServlet] in context with path [] threw exception [Request processing failed; nested exception is org.springframework.orm.jpa.JpaSystemException: Error while committing the transaction; nested exception is javax.persistence.RollbackException: Error while committing the transaction] with root cause
org.hibernate.StaleObjectStateException: Row was updated or deleted by another transaction (or unsaved-value mapping was incorrect) : [it.juan.user.entity.Hotel#1]
	at org.hibernate.persister.entity.AbstractEntityPersister.check(AbstractEntityPersister.java:2604)
	at org.hibernate.persister.entity.AbstractEntityPersister.update(AbstractEntityPersister.java:3448)
	at org.hibernate.persister.entity.AbstractEntityPersister.updateOrInsert(AbstractEntityPersister.java:3311)
	at org.hibernate.persister.entity.AbstractEntityPersister.update(AbstractEntityPersister.java:3723)
	at org.hibernate.action.internal.EntityUpdateAction.execute(EntityUpdateAction.java:201)
	at org.hibernate.engine.spi.ActionQueue.executeActions(ActionQueue.java:604)
	at org.hibernate.engine.spi.ActionQueue.lambda$executeActions$1(ActionQueue.java:478)
	at java.base/java.util.LinkedHashMap.forEach(LinkedHashMap.java:729)
	at org.hibernate.engine.spi.ActionQueue.executeActions(ActionQueue.java:475)
	at org.hibernate.event.internal.AbstractFlushingEventListener.performExecutions(AbstractFlushingEventListener.java:348)
	at org.hibernate.event.internal.DefaultFlushEventListener.onFlush(DefaultFlushEventListener.java:40)
	at org.hibernate.event.service.internal.EventListenerGroupImpl.fireEventOnEachListener(EventListenerGroupImpl.java:102)
	at org.hibernate.internal.SessionImpl.doFlush(SessionImpl.java:1360)
	at org.hibernate.internal.SessionImpl.managedFlush(SessionImpl.java:451)
	at org.hibernate.internal.SessionImpl.flushBeforeTransactionCompletion(SessionImpl.java:3210)
	at org.hibernate.internal.SessionImpl.beforeTransactionCompletion(SessionImpl.java:2378)
	at org.hibernate.engine.jdbc.internal.JdbcCoordinatorImpl.beforeTransactionCompletion(JdbcCoordinatorImpl.java:447)
	at org.hibernate.resource.transaction.backend.jdbc.internal.JdbcResourceLocalTransactionCoordinatorImpl.beforeCompletionCallback(JdbcResourceLocalTransactionCoordinatorImpl.java:183)
	at org.hibernate.resource.transaction.backend.jdbc.internal.JdbcResourceLocalTransactionCoordinatorImpl.access$300(JdbcResourceLocalTransactionCoordinatorImpl.java:40)
	at org.hibernate.resource.transaction.backend.jdbc.internal.JdbcResourceLocalTransactionCoordinatorImpl$TransactionDriverControlImpl.commit(JdbcResourceLocalTransactionCoordinatorImpl.java:281)
	at org.hibernate.engine.transaction.internal.TransactionImpl.commit(TransactionImpl.java:101)
	at it.juan.user.dao.HotelDAOImpl.crear_ou_actualizar_hotel(HotelDAOImpl.java:46)
	at it.juan.user.dao.HotelDAOImpl$$FastClassBySpringCGLIB$$4124352a.invoke(<generated>)
	at org.springframework.cglib.proxy.MethodProxy.invoke(MethodProxy.java:218)
	at org.springframework.aop.framework.CglibAopProxy$CglibMethodInvocation.invokeJoinpoint(CglibAopProxy.java:771)
	at org.springframework.aop.framework.ReflectiveMethodInvocation.proceed(ReflectiveMethodInvocation.java:163)
	at org.springframework.aop.framework.CglibAopProxy$CglibMethodInvocation.proceed(CglibAopProxy.java:749)
	at org.springframework.dao.support.PersistenceExceptionTranslationInterceptor.invoke(PersistenceExceptionTranslationInterceptor.java:139)
	at org.springframework.aop.framework.ReflectiveMethodInvocation.proceed(ReflectiveMethodInvocation.java:186)
	at org.springframework.aop.framework.CglibAopProxy$CglibMethodInvocation.proceed(CglibAopProxy.java:749)
	at org.springframework.aop.framework.CglibAopProxy$DynamicAdvisedInterceptor.intercept(CglibAopProxy.java:691)
	at it.juan.user.dao.HotelDAOImpl$$EnhancerBySpringCGLIB$$216a461d.crear_ou_actualizar_hotel(<generated>)
	at it.juan.user.service.HotelServiceImpl.crear_ou_actualizar_hotel(HotelServiceImpl.java:38)
	at it.juan.user.controller.HotelRestController.updateHotel(HotelRestController.java:91)
	at java.base/jdk.internal.reflect.DirectMethodHandleAccessor.invoke(DirectMethodHandleAccessor.java:104)
	at java.base/java.lang.reflect.Method.invoke(Method.java:578)
	at org.springframework.web.method.support.InvocableHandlerMethod.doInvoke(InvocableHandlerMethod.java:190)
	at org.springframework.web.method.support.InvocableHandlerMethod.invokeForRequest(InvocableHandlerMethod.java:138)
	at org.springframework.web.servlet.mvc.method.annotation.ServletInvocableHandlerMethod.invokeAndHandle(ServletInvocableHandlerMethod.java:105)
	at org.springframework.web.servlet.mvc.method.annotation.RequestMappingHandlerAdapter.invokeHandlerMethod(RequestMappingHandlerAdapter.java:878)
	at org.springframework.web.servlet.mvc.method.annotation.RequestMappingHandlerAdapter.handleInternal(RequestMappingHandlerAdapter.java:792)
	at org.springframework.web.servlet.mvc.method.AbstractHandlerMethodAdapter.handle(AbstractHandlerMethodAdapter.java:87)
	at org.springframework.web.servlet.DispatcherServlet.doDispatch(DispatcherServlet.java:1040)
	at org.springframework.web.servlet.DispatcherServlet.doService(DispatcherServlet.java:943)
	at org.springframework.web.servlet.FrameworkServlet.processRequest(FrameworkServlet.java:1006)
	at org.springframework.web.servlet.FrameworkServlet.doPut(FrameworkServlet.java:920)
	at javax.servlet.http.HttpServlet.service(HttpServlet.java:655)
	at org.springframework.web.servlet.FrameworkServlet.service(FrameworkServlet.java:883)
	at javax.servlet.http.HttpServlet.service(HttpServlet.java:733)
	at org.apache.catalina.core.ApplicationFilterChain.internalDoFilter(ApplicationFilterChain.java:231)
	at org.apache.catalina.core.ApplicationFilterChain.doFilter(ApplicationFilterChain.java:166)
	at org.apache.tomcat.websocket.server.WsFilter.doFilter(WsFilter.java:53)
	at org.apache.catalina.core.ApplicationFilterChain.internalDoFilter(ApplicationFilterChain.java:193)
	at org.apache.catalina.core.ApplicationFilterChain.doFilter(ApplicationFilterChain.java:166)
	at org.springframework.web.filter.RequestContextFilter.doFilterInternal(RequestContextFilter.java:100)
	at org.springframework.web.filter.OncePerRequestFilter.doFilter(OncePerRequestFilter.java:119)
	at org.apache.catalina.core.ApplicationFilterChain.internalDoFilter(ApplicationFilterChain.java:193)
	at org.apache.catalina.core.ApplicationFilterChain.doFilter(ApplicationFilterChain.java:166)
	at org.springframework.web.filter.FormContentFilter.doFilterInternal(FormContentFilter.java:93)
	at org.springframework.web.filter.OncePerRequestFilter.doFilter(OncePerRequestFilter.java:119)
	at org.apache.catalina.core.ApplicationFilterChain.internalDoFilter(ApplicationFilterChain.java:193)
	at org.apache.catalina.core.ApplicationFilterChain.doFilter(ApplicationFilterChain.java:166)
	at org.springframework.web.filter.CharacterEncodingFilter.doFilterInternal(CharacterEncodingFilter.java:201)
	at org.springframework.web.filter.OncePerRequestFilter.doFilter(OncePerRequestFilter.java:119)
	at org.apache.catalina.core.ApplicationFilterChain.internalDoFilter(ApplicationFilterChain.java:193)
	at org.apache.catalina.core.ApplicationFilterChain.doFilter(ApplicationFilterChain.java:166)
	at org.apache.catalina.core.StandardWrapperValve.invoke(StandardWrapperValve.java:202)
	at org.apache.catalina.core.StandardContextValve.invoke(StandardContextValve.java:96)
	at org.apache.catalina.authenticator.AuthenticatorBase.invoke(AuthenticatorBase.java:541)
	at org.apache.catalina.core.StandardHostValve.invoke(StandardHostValve.java:139)
	at org.apache.catalina.valves.ErrorReportValve.invoke(ErrorReportValve.java:92)
	at org.apache.catalina.core.StandardEngineValve.invoke(StandardEngineValve.java:74)
	at org.apache.catalina.connector.CoyoteAdapter.service(CoyoteAdapter.java:343)
	at org.apache.coyote.http11.Http11Processor.service(Http11Processor.java:373)
	at org.apache.coyote.AbstractProcessorLight.process(AbstractProcessorLight.java:65)
	at org.apache.coyote.AbstractProtocol$ConnectionHandler.process(AbstractProtocol.java:868)
	at org.apache.tomcat.util.net.NioEndpoint$SocketProcessor.doRun(NioEndpoint.java:1589)
	at org.apache.tomcat.util.net.SocketProcessorBase.run(SocketProcessorBase.java:49)
	at java.base/java.util.concurrent.ThreadPoolExecutor.runWorker(ThreadPoolExecutor.java:1144)
	at java.base/java.util.concurrent.ThreadPoolExecutor$Worker.run(ThreadPoolExecutor.java:642)
	at org.apache.tomcat.util.threads.TaskThread$WrappingRunnable.run(TaskThread.java:61)
	at java.base/java.lang.Thread.run(Thread.java:1589)
2024-01-27 23:13:56,671 ERROR org.apache.juli.logging.DirectJDKLog [http-nio-5000-exec-7] Servlet.service() for servlet [dispatcherServlet] in context with path [] threw exception [Request processing failed; nested exception is org.springframework.dao.InvalidDataAccessApiUsageException: org.hibernate.hql.internal.ast.QuerySyntaxException: Hotel is not mapped [SELECT u from Hotel u]; nested exception is java.lang.IllegalArgumentException: org.hibernate.hql.internal.ast.QuerySyntaxException: Hotel is not mapped [SELECT u from Hotel u]] with root cause
org.hibernate.hql.internal.ast.QuerySyntaxException: Hotel is not mapped
	at org.hibernate.hql.internal.ast.util.SessionFactoryHelper.requireClassPersister(SessionFactoryHelper.java:169)
	at org.hibernate.hql.internal.ast.tree.FromElementFactory.addFromElement(FromElementFactory.java:91)
	at org.hibernate.hql.internal.ast.tree.FromClause.addFromElement(FromClause.java:79)
	at org.hibernate.hql.internal.ast.HqlSqlWalker.createFromElement(HqlSqlWalker.java:333)
	at org.hibernate.hql.internal.antlr.HqlSqlBaseWalker.fromElement(HqlSqlBaseWalker.java:3758)
	at org.hibernate.hql.internal.antlr.HqlSqlBaseWalker.fromElementList(HqlSqlBaseWalker.java:3647)
	at org.hibernate.hql.internal.antlr.HqlSqlBaseWalker.fromClause(HqlSqlBaseWalker.java:732)
	at org.hibernate.hql.internal.antlr.HqlSqlBaseWalker.query(HqlSqlBaseWalker.java:588)
	at org.hibernate.hql.internal.antlr.HqlSqlBaseWalker.selectStatement(HqlSqlBaseWalker.java:325)
	at org.hibernate.hql.internal.antlr.HqlSqlBaseWalker.statement(HqlSqlBaseWalker.java:273)
	at org.hibernate.hql.internal.ast.QueryTranslatorImpl.analyze(QueryTranslatorImpl.java:276)
	at org.hibernate.hql.internal.ast.QueryTranslatorImpl.doCompile(QueryTranslatorImpl.java:192)
	at org.hibernate.hql.internal.ast.QueryTranslatorImpl.compile(QueryTranslatorImpl.java:144)
	at org.hibernate.engine.query.spi.HQLQueryPlan.<init>(HQLQueryPlan.java:113)
	at org.hibernate.engine.query.spi.HQLQueryPlan.<init>(HQLQueryPlan.java:73)
	at org.hibernate.engine.query.spi.QueryPlanCache.getHQLQueryPlan(QueryPlanCache.java:162)
	at org.hibernate.internal.AbstractSharedSessionContract.getQueryPlan(AbstractSharedSessionContract.java:604)
	at org.hibernate.internal.AbstractSharedSessionContract.createQuery(AbstractSharedSessionContract.java:716)
	at org.hibernate.internal.AbstractSharedSessionContract.createQuery(AbstractSharedSessionContract.java:816)
	at org.hibernate.internal.AbstractSharedSessionContract.createQuery(AbstractSharedSessionContract.java:113)
	at it.juan.user.dao.HotelDAOImpl.buscar_todos_hoteis(HotelDAOImpl.java:23)
	at it.juan.user.dao.HotelDAOImpl$$FastClassBySpringCGLIB$$4124352a.invoke(<generated>)
	at org.springframework.cglib.proxy.MethodProxy.invoke(MethodProxy.java:218)
	at org.springframework.aop.framework.CglibAopProxy$CglibMethodInvocation.invokeJoinpoint(CglibAopProxy.java:771)
	at org.springframework.aop.framework.ReflectiveMethodInvocation.proceed(ReflectiveMethodInvocation.java:163)
	at org.springframework.aop.framework.CglibAopProxy$CglibMethodInvocation.proceed(CglibAopProxy.java:749)
	at org.springframework.dao.support.PersistenceExceptionTranslationInterceptor.invoke(PersistenceExceptionTranslationInterceptor.java:139)
	at org.springframework.aop.framework.ReflectiveMethodInvocation.proceed(ReflectiveMethodInvocation.java:186)
	at org.springframework.aop.framework.CglibAopProxy$CglibMethodInvocation.proceed(CglibAopProxy.java:749)
	at org.springframework.aop.framework.CglibAopProxy$DynamicAdvisedInterceptor.intercept(CglibAopProxy.java:691)
	at it.juan.user.dao.HotelDAOImpl$$EnhancerBySpringCGLIB$$216a461d.buscar_todos_hoteis(<generated>)
	at it.juan.user.service.HotelServiceImpl.buscar_todos_hoteis(HotelServiceImpl.java:24)
	at it.juan.user.controller.HotelRestController.buscar_todos_os_hoteis(HotelRestController.java:48)
	at java.base/jdk.internal.reflect.DirectMethodHandleAccessor.invoke(DirectMethodHandleAccessor.java:104)
	at java.base/java.lang.reflect.Method.invoke(Method.java:578)
	at org.springframework.web.method.support.InvocableHandlerMethod.doInvoke(InvocableHandlerMethod.java:190)
	at org.springframework.web.method.support.InvocableHandlerMethod.invokeForRequest(InvocableHandlerMethod.java:138)
	at org.springframework.web.servlet.mvc.method.annotation.ServletInvocableHandlerMethod.invokeAndHandle(ServletInvocableHandlerMethod.java:105)
	at org.springframework.web.servlet.mvc.method.annotation.RequestMappingHandlerAdapter.invokeHandlerMethod(RequestMappingHandlerAdapter.java:878)
	at org.springframework.web.servlet.mvc.method.annotation.RequestMappingHandlerAdapter.handleInternal(RequestMappingHandlerAdapter.java:792)
	at org.springframework.web.servlet.mvc.method.AbstractHandlerMethodAdapter.handle(AbstractHandlerMethodAdapter.java:87)
	at org.springframework.web.servlet.DispatcherServlet.doDispatch(DispatcherServlet.java:1040)
	at org.springframework.web.servlet.DispatcherServlet.doService(DispatcherServlet.java:943)
	at org.springframework.web.servlet.FrameworkServlet.processRequest(FrameworkServlet.java:1006)
	at org.springframework.web.servlet.FrameworkServlet.doGet(FrameworkServlet.java:898)
	at javax.servlet.http.HttpServlet.service(HttpServlet.java:626)
	at org.springframework.web.servlet.FrameworkServlet.service(FrameworkServlet.java:883)
	at javax.servlet.http.HttpServlet.service(HttpServlet.java:733)
	at org.apache.catalina.core.ApplicationFilterChain.internalDoFilter(ApplicationFilterChain.java:231)
	at org.apache.catalina.core.ApplicationFilterChain.doFilter(ApplicationFilterChain.java:166)
	at org.apache.tomcat.websocket.server.WsFilter.doFilter(WsFilter.java:53)
	at org.apache.catalina.core.ApplicationFilterChain.internalDoFilter(ApplicationFilterChain.java:193)
	at org.apache.catalina.core.ApplicationFilterChain.doFilter(ApplicationFilterChain.java:166)
	at org.springframework.web.filter.RequestContextFilter.doFilterInternal(RequestContextFilter.java:100)
	at org.springframework.web.filter.OncePerRequestFilter.doFilter(OncePerRequestFilter.java:119)
	at org.apache.catalina.core.ApplicationFilterChain.internalDoFilter(ApplicationFilterChain.java:193)
	at org.apache.catalina.core.ApplicationFilterChain.doFilter(ApplicationFilterChain.java:166)
	at org.springframework.web.filter.FormContentFilter.doFilterInternal(FormContentFilter.java:93)
	at org.springframework.web.filter.OncePerRequestFilter.doFilter(OncePerRequestFilter.java:119)
	at org.apache.catalina.core.ApplicationFilterChain.internalDoFilter(ApplicationFilterChain.java:193)
	at org.apache.catalina.core.ApplicationFilterChain.doFilter(ApplicationFilterChain.java:166)
	at org.springframework.web.filter.CharacterEncodingFilter.doFilterInternal(CharacterEncodingFilter.java:201)
	at org.springframework.web.filter.OncePerRequestFilter.doFilter(OncePerRequestFilter.java:119)
	at org.apache.catalina.core.ApplicationFilterChain.internalDoFilter(ApplicationFilterChain.java:193)
	at org.apache.catalina.core.ApplicationFilterChain.doFilter(ApplicationFilterChain.java:166)
	at org.apache.catalina.core.StandardWrapperValve.invoke(StandardWrapperValve.java:202)
	at org.apache.catalina.core.StandardContextValve.invoke(StandardContextValve.java:96)
	at org.apache.catalina.authenticator.AuthenticatorBase.invoke(AuthenticatorBase.java:541)
	at org.apache.catalina.core.StandardHostValve.invoke(StandardHostValve.java:139)
	at org.apache.catalina.valves.ErrorReportValve.invoke(ErrorReportValve.java:92)
	at org.apache.catalina.core.StandardEngineValve.invoke(StandardEngineValve.java:74)
	at org.apache.catalina.connector.CoyoteAdapter.service(CoyoteAdapter.java:343)
	at org.apache.coyote.http11.Http11Processor.service(Http11Processor.java:373)
	at org.apache.coyote.AbstractProcessorLight.process(AbstractProcessorLight.java:65)
	at org.apache.coyote.AbstractProtocol$ConnectionHandler.process(AbstractProtocol.java:868)
	at org.apache.tomcat.util.net.NioEndpoint$SocketProcessor.doRun(NioEndpoint.java:1589)
	at org.apache.tomcat.util.net.SocketProcessorBase.run(SocketProcessorBase.java:49)
	at java.base/java.util.concurrent.ThreadPoolExecutor.runWorker(ThreadPoolExecutor.java:1144)
	at java.base/java.util.concurrent.ThreadPoolExecutor$Worker.run(ThreadPoolExecutor.java:642)
	at org.apache.tomcat.util.threads.TaskThread$WrappingRunnable.run(TaskThread.java:61)
	at java.base/java.lang.Thread.run(Thread.java:1589)
2024-01-27 23:16:27,212 INFO org.springframework.orm.jpa.AbstractEntityManagerFactoryBean [SpringContextShutdownHook] Closing JPA EntityManagerFactory for persistence unit 'default'
2024-01-27 23:16:27,215 INFO org.springframework.scheduling.concurrent.ExecutorConfigurationSupport [SpringContextShutdownHook] Shutting down ExecutorService 'applicationTaskExecutor'
2024-01-27 23:16:27,215 INFO com.zaxxer.hikari.HikariDataSource [SpringContextShutdownHook] HikariPool-1 - Shutdown initiated...
2024-01-27 23:16:27,229 INFO com.zaxxer.hikari.HikariDataSource [SpringContextShutdownHook] HikariPool-1 - Shutdown completed.
2024-01-27 23:17:02,921 INFO org.springframework.boot.StartupInfoLogger [main] Starting DogRestApiApplication on Paula with PID 13476 (C:\Users\paula\OneDrive\Área de Trabalho\hotel_habitacion_2\hotel_habitacion_2\target\classes started by Paula in C:\Users\paula\OneDrive\Área de Trabalho\hotel_habitacion_2\hotel_habitacion_2)
2024-01-27 23:17:02,926 INFO org.springframework.boot.SpringApplication [main] No active profile set, falling back to default profiles: default
2024-01-27 23:17:03,571 INFO org.springframework.data.repository.config.RepositoryConfigurationDelegate [main] Bootstrapping Spring Data JPA repositories in DEFERRED mode.
2024-01-27 23:17:03,594 INFO org.springframework.data.repository.config.RepositoryConfigurationDelegate [main] Finished Spring Data repository scanning in 15ms. Found 0 JPA repository interfaces.
2024-01-27 23:17:04,083 INFO org.springframework.boot.web.embedded.tomcat.TomcatWebServer [main] Tomcat initialized with port(s): 5000 (http)
2024-01-27 23:17:04,094 INFO org.apache.juli.logging.DirectJDKLog [main] Initializing ProtocolHandler ["http-nio-5000"]
2024-01-27 23:17:04,094 INFO org.apache.juli.logging.DirectJDKLog [main] Starting service [Tomcat]
2024-01-27 23:17:04,094 INFO org.apache.juli.logging.DirectJDKLog [main] Starting Servlet engine: [Apache Tomcat/9.0.37]
2024-01-27 23:17:04,182 INFO org.apache.juli.logging.DirectJDKLog [main] Initializing Spring embedded WebApplicationContext
2024-01-27 23:17:04,183 INFO org.springframework.boot.web.servlet.context.ServletWebServerApplicationContext [main] Root WebApplicationContext: initialization completed in 1213 ms
2024-01-27 23:17:04,362 INFO org.springframework.scheduling.concurrent.ExecutorConfigurationSupport [main] Initializing ExecutorService 'applicationTaskExecutor'
2024-01-27 23:17:04,401 INFO org.hibernate.jpa.internal.util.LogHelper [task-1] HHH000204: Processing PersistenceUnitInfo [name: default]
2024-01-27 23:17:04,447 INFO org.hibernate.Version [task-1] HHH000412: Hibernate ORM core version 5.4.18.Final
2024-01-27 23:17:04,535 WARN org.springframework.boot.autoconfigure.orm.jpa.JpaBaseConfiguration$JpaWebConfiguration [main] spring.jpa.open-in-view is enabled by default. Therefore, database queries may be performed during view rendering. Explicitly configure spring.jpa.open-in-view to disable this warning
2024-01-27 23:17:04,575 INFO org.hibernate.annotations.common.reflection.java.JavaReflectionManager [task-1] HCANN000001: Hibernate Commons Annotations {5.1.0.Final}
2024-01-27 23:17:04,683 INFO com.zaxxer.hikari.HikariDataSource [task-1] HikariPool-1 - Starting...
2024-01-27 23:17:05,109 INFO com.zaxxer.hikari.HikariDataSource [task-1] HikariPool-1 - Start completed.
2024-01-27 23:17:05,123 INFO org.hibernate.dialect.Dialect [task-1] HHH000400: Using dialect: org.hibernate.dialect.MySQL5InnoDBDialect
2024-01-27 23:17:05,262 INFO org.apache.juli.logging.DirectJDKLog [main] Starting ProtocolHandler ["http-nio-5000"]
2024-01-27 23:17:05,324 INFO org.springframework.boot.web.embedded.tomcat.TomcatWebServer [main] Tomcat started on port(s): 5000 (http) with context path ''
2024-01-27 23:17:05,330 INFO org.springframework.data.repository.config.DeferredRepositoryInitializationListener [main] Triggering deferred initialization of Spring Data repositories…
2024-01-27 23:17:05,333 INFO org.springframework.data.repository.config.DeferredRepositoryInitializationListener [main] Spring Data repositories initialized!
2024-01-27 23:17:05,368 INFO org.springframework.boot.StartupInfoLogger [main] Started DogRestApiApplication in 2.844 seconds (JVM running for 3.492)
2024-01-27 23:17:05,730 INFO org.hibernate.engine.transaction.jta.platform.internal.JtaPlatformInitiator [task-1] HHH000490: Using JtaPlatform implementation: [org.hibernate.engine.transaction.jta.platform.internal.NoJtaPlatform]
2024-01-27 23:17:05,738 INFO org.springframework.orm.jpa.AbstractEntityManagerFactoryBean [task-1] Initialized JPA EntityManagerFactory for persistence unit 'default'
2024-01-27 23:17:10,599 INFO org.apache.juli.logging.DirectJDKLog [http-nio-5000-exec-1] Initializing Spring DispatcherServlet 'dispatcherServlet'
2024-01-27 23:17:10,599 INFO org.springframework.web.servlet.FrameworkServlet [http-nio-5000-exec-1] Initializing Servlet 'dispatcherServlet'
2024-01-27 23:17:10,604 INFO org.springframework.web.servlet.FrameworkServlet [http-nio-5000-exec-1] Completed initialization in 5 ms
2024-01-27 23:17:11,114 INFO org.springdoc.api.AbstractOpenApiResource [http-nio-5000-exec-3] Init duration for springdoc-openapi is: 226 ms
2024-01-27 23:20:47,711 INFO org.springframework.orm.jpa.AbstractEntityManagerFactoryBean [SpringContextShutdownHook] Closing JPA EntityManagerFactory for persistence unit 'default'
2024-01-27 23:20:47,711 INFO org.springframework.scheduling.concurrent.ExecutorConfigurationSupport [SpringContextShutdownHook] Shutting down ExecutorService 'applicationTaskExecutor'
2024-01-27 23:20:47,711 INFO com.zaxxer.hikari.HikariDataSource [SpringContextShutdownHook] HikariPool-1 - Shutdown initiated...
2024-01-27 23:20:47,725 INFO com.zaxxer.hikari.HikariDataSource [SpringContextShutdownHook] HikariPool-1 - Shutdown completed.
2024-01-27 23:42:58,458 INFO org.springframework.boot.StartupInfoLogger [main] Starting DogRestApiApplication on Paula with PID 2132 (C:\Users\paula\OneDrive\Área de Trabalho\hotel_habitacion_2\hotel_habitacion_2\target\classes started by Paula in C:\Users\paula\OneDrive\Área de Trabalho\hotel_habitacion_2\hotel_habitacion_2)
2024-01-27 23:42:58,461 INFO org.springframework.boot.SpringApplication [main] No active profile set, falling back to default profiles: default
2024-01-27 23:42:59,130 INFO org.springframework.data.repository.config.RepositoryConfigurationDelegate [main] Bootstrapping Spring Data JPA repositories in DEFERRED mode.
2024-01-27 23:42:59,152 INFO org.springframework.data.repository.config.RepositoryConfigurationDelegate [main] Finished Spring Data repository scanning in 13ms. Found 0 JPA repository interfaces.
2024-01-27 23:42:59,638 INFO org.springframework.boot.web.embedded.tomcat.TomcatWebServer [main] Tomcat initialized with port(s): 5000 (http)
2024-01-27 23:42:59,647 INFO org.apache.juli.logging.DirectJDKLog [main] Initializing ProtocolHandler ["http-nio-5000"]
2024-01-27 23:42:59,648 INFO org.apache.juli.logging.DirectJDKLog [main] Starting service [Tomcat]
2024-01-27 23:42:59,649 INFO org.apache.juli.logging.DirectJDKLog [main] Starting Servlet engine: [Apache Tomcat/9.0.37]
2024-01-27 23:42:59,735 INFO org.apache.juli.logging.DirectJDKLog [main] Initializing Spring embedded WebApplicationContext
2024-01-27 23:42:59,736 INFO org.springframework.boot.web.servlet.context.ServletWebServerApplicationContext [main] Root WebApplicationContext: initialization completed in 1230 ms
2024-01-27 23:42:59,916 INFO org.springframework.scheduling.concurrent.ExecutorConfigurationSupport [main] Initializing ExecutorService 'applicationTaskExecutor'
2024-01-27 23:42:59,952 INFO org.hibernate.jpa.internal.util.LogHelper [task-1] HHH000204: Processing PersistenceUnitInfo [name: default]
2024-01-27 23:43:00,014 INFO org.hibernate.Version [task-1] HHH000412: Hibernate ORM core version 5.4.18.Final
2024-01-27 23:43:00,108 WARN org.springframework.boot.autoconfigure.orm.jpa.JpaBaseConfiguration$JpaWebConfiguration [main] spring.jpa.open-in-view is enabled by default. Therefore, database queries may be performed during view rendering. Explicitly configure spring.jpa.open-in-view to disable this warning
2024-01-27 23:43:00,158 INFO org.hibernate.annotations.common.reflection.java.JavaReflectionManager [task-1] HCANN000001: Hibernate Commons Annotations {5.1.0.Final}
2024-01-27 23:43:00,253 INFO com.zaxxer.hikari.HikariDataSource [task-1] HikariPool-1 - Starting...
2024-01-27 23:43:00,650 INFO com.zaxxer.hikari.HikariDataSource [task-1] HikariPool-1 - Start completed.
2024-01-27 23:43:00,665 INFO org.hibernate.dialect.Dialect [task-1] HHH000400: Using dialect: org.hibernate.dialect.MySQL5InnoDBDialect
2024-01-27 23:43:00,926 INFO org.apache.juli.logging.DirectJDKLog [main] Starting ProtocolHandler ["http-nio-5000"]
2024-01-27 23:43:00,962 INFO org.springframework.boot.web.embedded.tomcat.TomcatWebServer [main] Tomcat started on port(s): 5000 (http) with context path ''
2024-01-27 23:43:00,964 INFO org.springframework.data.repository.config.DeferredRepositoryInitializationListener [main] Triggering deferred initialization of Spring Data repositories…
2024-01-27 23:43:00,964 INFO org.springframework.data.repository.config.DeferredRepositoryInitializationListener [main] Spring Data repositories initialized!
2024-01-27 23:43:00,972 INFO org.springframework.boot.StartupInfoLogger [main] Started DogRestApiApplication in 2.891 seconds (JVM running for 3.531)
2024-01-27 23:43:01,388 INFO org.hibernate.engine.transaction.jta.platform.internal.JtaPlatformInitiator [task-1] HHH000490: Using JtaPlatform implementation: [org.hibernate.engine.transaction.jta.platform.internal.NoJtaPlatform]
2024-01-27 23:43:01,400 INFO org.springframework.orm.jpa.AbstractEntityManagerFactoryBean [task-1] Initialized JPA EntityManagerFactory for persistence unit 'default'
2024-01-27 23:43:06,184 INFO org.apache.juli.logging.DirectJDKLog [http-nio-5000-exec-1] Initializing Spring DispatcherServlet 'dispatcherServlet'
2024-01-27 23:43:06,185 INFO org.springframework.web.servlet.FrameworkServlet [http-nio-5000-exec-1] Initializing Servlet 'dispatcherServlet'
2024-01-27 23:43:06,189 INFO org.springframework.web.servlet.FrameworkServlet [http-nio-5000-exec-1] Completed initialization in 4 ms
2024-01-27 23:43:06,967 INFO org.springdoc.api.AbstractOpenApiResource [http-nio-5000-exec-3] Init duration for springdoc-openapi is: 470 ms
2024-01-27 23:46:38,978 INFO org.springframework.orm.jpa.AbstractEntityManagerFactoryBean [SpringContextShutdownHook] Closing JPA EntityManagerFactory for persistence unit 'default'
2024-01-27 23:46:38,978 INFO org.springframework.scheduling.concurrent.ExecutorConfigurationSupport [SpringContextShutdownHook] Shutting down ExecutorService 'applicationTaskExecutor'
2024-01-27 23:46:38,983 INFO com.zaxxer.hikari.HikariDataSource [SpringContextShutdownHook] HikariPool-1 - Shutdown initiated...
2024-01-27 23:46:38,989 INFO com.zaxxer.hikari.HikariDataSource [SpringContextShutdownHook] HikariPool-1 - Shutdown completed.
